<?xml version="1.0" encoding="UTF-8"?>
<!-- Generated by org.testng.reporters.JUnitReportReporter -->
<testsuite hostname="ATMECSCBELT-018" failures="0" tests="1" name="org.utilities.EndPoint" time="0.874" errors="0" timestamp="19 May 2023 06:04:36 GMT" skipped="0">
  <testcase classname="org.utilities.EndPoint" name="getData" time="0.874"/>
</testsuite> <!-- org.utilities.EndPoint -->
