<?xml version="1.0" encoding="UTF-8"?>
<!-- Generated by org.testng.reporters.JUnitReportReporter -->
<testsuite hostname="ATMECSCBELT-018" failures="0" tests="1" name="org.test.TC_01Login" time="8.613" errors="0" timestamp="15 Feb 2023 05:16:23 GMT" skipped="0">
  <testcase classname="org.test.TC_01Login" name="loginpage" time="8.613"/>
</testsuite> <!-- org.test.TC_01Login -->
