<?xml version="1.0" encoding="UTF-8"?>
<!-- Generated by org.testng.reporters.JUnitReportReporter -->
<testsuite hostname="ATMECSCBELT-018" failures="0" tests="1" name="org.runner.SC02_PimPage" time="23.969" errors="0" timestamp="27 Mar 2023 07:41:48 GMT" skipped="0">
  <testcase classname="org.runner.SC02_PimPage" name="addNewReport" time="23.969"/>
</testsuite> <!-- org.runner.SC02_PimPage -->
