<?xml version="1.0" encoding="UTF-8"?>
<!-- Generated by org.testng.reporters.JUnitReportReporter -->
<testsuite hostname="ATMECSCBELT-018" failures="0" tests="1" name="org.test.SC02_PimPage" time="21.346" errors="0" timestamp="27 Mar 2023 06:01:58 GMT" skipped="0">
  <testcase classname="org.test.SC02_PimPage" name="addNewReport" time="21.346"/>
</testsuite> <!-- org.test.SC02_PimPage -->
