<?xml version="1.0" encoding="UTF-8"?>
<!-- Generated by org.testng.reporters.JUnitReportReporter -->
<testsuite hostname="ATMECSCBELT-018" failures="0" tests="1" name="org.test.Test1" time="9.150" errors="0" timestamp="14 Feb 2023 08:08:32 GMT" skipped="0">
  <testcase classname="org.test.Test1" name="login" time="9.150"/>
</testsuite> <!-- org.test.Test1 -->
