<?xml version="1.0" encoding="UTF-8"?>
<!-- Generated by org.testng.reporters.JUnitReportReporter -->
<testsuite hostname="ATMECSCBELT-018" failures="0" tests="1" name="org.baseclass.AuthCode" time="7.011" errors="0" timestamp="16 May 2023 11:56:57 GMT" skipped="0">
  <testcase classname="org.baseclass.AuthCode" name="getAuthCode" time="7.011"/>
</testsuite> <!-- org.baseclass.AuthCode -->
