<?xml version="1.0" encoding="UTF-8"?>
<!-- Generated by org.testng.reporters.JUnitReportReporter -->
<testsuite hostname="ATMECSCBELT-018" failures="0" tests="2" name="org.api.OauthAthentication" time="2.362" errors="0" timestamp="15 May 2023 07:08:54 GMT" skipped="0">
  <testcase classname="org.api.OauthAthentication" name="getAccessToken" time="2.060"/>
  <testcase classname="org.api.OauthAthentication" name="getplaylist" time="0.302"/>
</testsuite> <!-- org.api.OauthAthentication -->
