<?xml version="1.0" encoding="UTF-8"?>
<!-- Generated by org.testng.reporters.JUnitReportReporter -->
<testsuite hostname="ATMECSCBELT-018" failures="0" tests="1" name="org.schema.SchemaValidation" time="3.094" errors="0" timestamp="03 May 2023 11:31:11 GMT" skipped="0">
  <testcase classname="org.schema.SchemaValidation" name="validation" time="3.094"/>
</testsuite> <!-- org.schema.SchemaValidation -->
