<?xml version="1.0" encoding="UTF-8"?>
<!-- Generated by org.testng.reporters.JUnitReportReporter -->
<testsuite hostname="ATMECSCBELT-018" failures="0" tests="1" name="org.api.Authentication" time="2.395" errors="0" timestamp="15 May 2023 10:12:14 GMT" skipped="0">
  <testcase classname="org.api.Authentication" name="bearerToken" time="2.395"/>
</testsuite> <!-- org.api.Authentication -->
