<?xml version="1.0" encoding="UTF-8"?>
<!-- Generated by org.testng.reporters.JUnitReportReporter -->
<testsuite hostname="ATMECSCBELT-018" failures="0" tests="2" name="org.test.OauthAthentication" time="9.149" errors="0" timestamp="01 Jun 2023 09:51:07 GMT" skipped="0">
  <testcase classname="org.test.OauthAthentication" name="getAccessToken" time="8.797"/>
  <testcase classname="org.test.OauthAthentication" name="getplaylist" time="0.352"/>
</testsuite> <!-- org.test.OauthAthentication -->
