<?xml version="1.0" encoding="UTF-8"?>
<!-- Generated by org.testng.reporters.JUnitReportReporter -->
<testsuite hostname="ATMECSCBELT-018" failures="0" tests="1" name="org.api.BasicAuth" time="2.991" errors="0" timestamp="13 May 2023 11:09:27 GMT" skipped="0">
  <testcase classname="org.api.BasicAuth" name="basicAuthentication" time="2.991"/>
</testsuite> <!-- org.api.BasicAuth -->
