<?xml version="1.0" encoding="UTF-8"?>
<!-- Generated by org.testng.reporters.JUnitReportReporter -->
<testsuite hostname="ATMECSCBELT-018" failures="0" tests="1" name="org.samplepojo.Sample" time="0.075" errors="0" timestamp="22 May 2023 07:30:24 GMT" skipped="0">
  <testcase classname="org.samplepojo.Sample" name="addDetails" time="0.075"/>
</testsuite> <!-- org.samplepojo.Sample -->
