<?xml version="1.0" encoding="UTF-8"?>
<!-- Generated by org.testng.reporters.JUnitReportReporter -->
<testsuite hostname="ATMECSCBELT-018" failures="0" tests="1" name="org.utilities.JsonObjectRead" time="0.011" errors="0" timestamp="17 May 2023 09:57:22 GMT" skipped="0">
  <testcase classname="org.utilities.JsonObjectRead" name="getJsonObject" time="0.011"/>
</testsuite> <!-- org.utilities.JsonObjectRead -->
