<?xml version="1.0" encoding="UTF-8"?>
<!-- Generated by org.testng.reporters.JUnitReportReporter -->
<testsuite hostname="ATMECSCBELT-018" failures="0" tests="1" name="org.test.CSRFToken" time="1.794" errors="0" timestamp="2023-05-18T23:34:54 IST" skipped="0">
  <testcase classname="org.test.CSRFToken" name="postWithCsrfToken" time="1.794"/>
  <system-out/>
</testsuite> <!-- org.test.CSRFToken -->
