<?xml version="1.0" encoding="UTF-8"?>
<!-- Generated by org.testng.reporters.JUnitReportReporter -->
<testsuite hostname="ATMECSCBELT-018" failures="0" tests="1" name="org.test.MultiPart" time="24.608" errors="0" timestamp="17 May 2023 16:02:02 GMT" skipped="0">
  <testcase classname="org.test.MultiPart" name="cookieSession" time="24.608"/>
</testsuite> <!-- org.test.MultiPart -->
