<?xml version="1.0" encoding="UTF-8"?>
<!-- Generated by org.testng.reporters.JUnitReportReporter -->
<testsuite hostname="ATMECSCBELT-018" failures="0" tests="1" name="org.swaggers.Users" time="6.957" errors="0" timestamp="22 May 2023 12:59:59 GMT" skipped="0">
  <testcase classname="org.swaggers.Users" name="userDetails" time="6.957"/>
</testsuite> <!-- org.swaggers.Users -->
