<?xml version="1.0" encoding="UTF-8"?>
<!-- Generated by org.testng.reporters.JUnitReportReporter -->
<testsuite hostname="ATMECSCBELT-018" failures="0" tests="5" name="org.test.Authentication" time="7.966" errors="0" timestamp="2023-05-18T23:33:48 IST" skipped="0">
  <testcase classname="org.test.Authentication" name="basicAuthentication" time="3.707"/>
  <system-out/>
  <testcase classname="org.test.Authentication" name="digestAuthentication" time="2.167"/>
  <system-out/>
  <testcase classname="org.test.Authentication" name="preemptiveAuthentication" time="0.012"/>
  <system-out/>
  <testcase classname="org.test.Authentication" name="apiKeyAuthentication" time="1.291"/>
  <system-out/>
  <testcase classname="org.test.Authentication" name="bearerToken" time="0.789"/>
  <system-out/>
</testsuite> <!-- org.test.Authentication -->
