<?xml version="1.0" encoding="UTF-8"?>
<!-- Generated by org.testng.reporters.JUnitReportReporter -->
<testsuite hostname="ATMECSCBELT-018" failures="0" tests="1" name="org.test.PostOptions" time="4.178" errors="0" timestamp="18 May 2023 05:19:21 GMT" skipped="0">
  <testcase classname="org.test.PostOptions" name="postWithMulipart" time="4.178"/>
</testsuite> <!-- org.test.PostOptions -->
