<?xml version="1.0" encoding="UTF-8"?>
<!-- Generated by org.testng.reporters.JUnitReportReporter -->
<testsuite hostname="ATMECSCBELT-018" failures="0" tests="1" name="org.swaggers.Books" time="3.857" errors="0" timestamp="23 May 2023 07:18:39 GMT" skipped="0">
  <testcase classname="org.swaggers.Books" name="logTextFile" time="3.857"/>
</testsuite> <!-- org.swaggers.Books -->
