<?xml version="1.0" encoding="UTF-8"?>
<!-- Generated by org.testng.reporters.JUnitReportReporter -->
<testsuite hostname="ATMECSCBELT-018" failures="0" tests="1" name="org.samplepojo.Test" time="0.203" errors="0" timestamp="26 May 2023 12:00:32 GMT" skipped="0">
  <testcase classname="org.samplepojo.Test" name="createData" time="0.203"/>
</testsuite> <!-- org.samplepojo.Test -->
