<?xml version="1.0" encoding="UTF-8"?>
<!-- Generated by org.testng.reporters.JUnitReportReporter -->
<testsuite hostname="ATMECSCBELT-018" failures="0" tests="1" name="org.swaggers.Activities" time="7.217" errors="0" timestamp="22 May 2023 05:26:08 GMT" skipped="0">
  <testcase classname="org.swaggers.Activities" name="createActivity" time="7.217"/>
</testsuite> <!-- org.swaggers.Activities -->
