<?xml version="1.0" encoding="UTF-8"?>
<!-- Generated by org.testng.reporters.JUnitReportReporter -->
<testsuite hostname="ATMECSCBELT-018" failures="0" tests="1" name="org.verbs.Activities" time="7.166" errors="0" timestamp="19 May 2023 09:27:26 GMT" skipped="0">
  <testcase classname="org.verbs.Activities" name="createActivity" time="7.166"/>
</testsuite> <!-- org.verbs.Activities -->
