<?xml version="1.0" encoding="UTF-8"?>
<!-- Generated by org.testng.reporters.JUnitReportReporter -->
<testsuite hostname="ATMECSCBELT-018" failures="0" tests="1" name="org.utilities.JsonFileReader" time="0.086" errors="0" timestamp="24 May 2023 13:28:06 GMT" skipped="0">
  <testcase classname="org.utilities.JsonFileReader" name="readValue" time="0.086"/>
</testsuite> <!-- org.utilities.JsonFileReader -->
