<?xml version="1.0" encoding="UTF-8"?>
<!-- Generated by org.testng.reporters.JUnitReportReporter -->
<testsuite hostname="ATMECSCBELT-018" failures="0" tests="5" name="org.swaggerstest.Authors" time="7.608" errors="0" timestamp="24 May 2023 11:15:04 GMT" skipped="0">
  <testcase classname="org.swaggerstest.Authors" name="createAuthor" time="3.622"/>
  <testcase classname="org.swaggerstest.Authors" name="getAuthor" time="1.030"/>
  <testcase classname="org.swaggerstest.Authors" name="getAuthorByBookId" time="0.960"/>
  <testcase classname="org.swaggerstest.Authors" name="updateAuthor" time="1.051"/>
  <testcase classname="org.swaggerstest.Authors" name="deleteAuthor" time="0.945"/>
</testsuite> <!-- org.swaggerstest.Authors -->
