<?xml version="1.0" encoding="UTF-8"?>
<!-- Generated by org.testng.reporters.JUnitReportReporter -->
<testsuite hostname="ATMECSCBELT-018" failures="0" tests="4" name="org.basicapi.PetStore" time="6.524" errors="0" timestamp="18 Apr 2023 05:37:05 GMT" skipped="0">
  <testcase classname="org.basicapi.PetStore" name="createNewPet" time="2.665"/>
  <testcase classname="org.basicapi.PetStore" name="getPet" time="1.225"/>
  <testcase classname="org.basicapi.PetStore" name="updatePet" time="1.189"/>
  <testcase classname="org.basicapi.PetStore" name="deletePet" time="1.445"/>
</testsuite> <!-- org.basicapi.PetStore -->
