<?xml version="1.0" encoding="UTF-8"?>
<!-- Generated by org.testng.reporters.JUnitReportReporter -->
<testsuite hostname="ATMECSCBELT-018" failures="0" tests="1" name="org.test.Store" time="5.857" errors="0" timestamp="18 May 2023 17:06:22 GMT" skipped="0">
  <testcase classname="org.test.Store" name="readExcelData" time="5.857"/>
</testsuite> <!-- org.test.Store -->
