<?xml version="1.0" encoding="UTF-8"?>
<!-- Generated by org.testng.reporters.JUnitReportReporter -->
<testsuite hostname="ATMECSCBELT-018" failures="0" tests="4" name="org.test.PetStore" time="6.423" errors="0" timestamp="18 Apr 2023 06:21:31 GMT" skipped="0">
  <testcase classname="org.test.PetStore" name="createNewPet" time="2.682"/>
  <testcase classname="org.test.PetStore" name="getPet" time="1.280"/>
  <testcase classname="org.test.PetStore" name="updatePet" time="1.227"/>
  <testcase classname="org.test.PetStore" name="deletePet" time="1.234"/>
</testsuite> <!-- org.test.PetStore -->
