<?xml version="1.0" encoding="UTF-8"?>
<!-- Generated by org.testng.reporters.JUnitReportReporter -->
<testsuite hostname="ATMECSCBELT-018" failures="0" tests="1" name="org.test.User" time="2.323" errors="0" timestamp="20 Apr 2023 05:30:34 GMT" skipped="0">
  <testcase classname="org.test.User" name="getUserByUserName" time="2.323"/>
</testsuite> <!-- org.test.User -->
