<?xml version="1.0" encoding="UTF-8"?>
<!-- Generated by org.testng.reporters.JUnitReportReporter -->
<testsuite hostname="ATMECSCBELT-018" failures="0" tests="1" name="org.test.Pet" time="7.666" errors="0" timestamp="15 May 2023 12:20:59 GMT" skipped="0">
  <testcase classname="org.test.Pet" name="readExcelData" time="7.666"/>
</testsuite> <!-- org.test.Pet -->
