<?xml version="1.0" encoding="UTF-8"?>
<!-- Generated by org.testng.reporters.JUnitReportReporter -->
<testsuite hostname="ATMECSCBELT-018" failures="0" tests="4" name="org.basicapi.RestAssuredPractise" time="6.844" errors="0" timestamp="18 Apr 2023 05:22:38 GMT" skipped="0">
  <testcase classname="org.basicapi.RestAssuredPractise" name="createNewPet" time="2.847"/>
  <testcase classname="org.basicapi.RestAssuredPractise" name="getPet" time="1.594"/>
  <testcase classname="org.basicapi.RestAssuredPractise" name="updatePet" time="1.229"/>
  <testcase classname="org.basicapi.RestAssuredPractise" name="deletePet" time="1.174"/>
</testsuite> <!-- org.basicapi.RestAssuredPractise -->
