<?xml version="1.0" encoding="UTF-8"?>
<!-- Generated by org.testng.reporters.JUnitReportReporter -->
<testsuite hostname="ATMECSCBELT-018" failures="0" tests="1" name="org.api.SchemaValidation" time="3.453" errors="0" timestamp="22 May 2023 14:42:09 GMT" skipped="0">
  <testcase classname="org.api.SchemaValidation" name="validation" time="3.453"/>
</testsuite> <!-- org.api.SchemaValidation -->
